2025-03-18 04:54:11,535 - INFO - Using device: cpu
2025-03-18 04:54:11,535 - WARNING - Input file TwoWheeler_Requirement_Conflict.csv not found. Using sample data.
2025-03-18 04:54:11,541 - INFO - Training on 4 examples, validating on 1 examples
2025-03-18 04:54:16,173 - INFO - Epoch 1/10, Train Loss: 16.2350, Val Loss: 18.0026
2025-03-18 04:54:16,174 - INFO - Validation loss decreased from inf to 18.0026. Saving model...
2025-03-18 04:54:17,847 - INFO - Epoch 2/10, Train Loss: 14.9261, Val Loss: 16.9484
2025-03-18 04:54:17,848 - INFO - Validation loss decreased from 18.0026 to 16.9484. Saving model...
2025-03-18 04:54:19,664 - INFO - Epoch 3/10, Train Loss: 18.2695, Val Loss: 16.1930
2025-03-18 04:54:19,664 - INFO - Validation loss decreased from 16.9484 to 16.1930. Saving model...
2025-03-18 04:54:22,502 - INFO - Epoch 4/10, Train Loss: 15.2891, Val Loss: 15.4891
2025-03-18 04:54:22,502 - INFO - Validation loss decreased from 16.1930 to 15.4891. Saving model...
2025-03-18 04:54:24,585 - INFO - Epoch 5/10, Train Loss: 14.0918, Val Loss: 14.8632
2025-03-18 04:54:24,586 - INFO - Validation loss decreased from 15.4891 to 14.8632. Saving model...
2025-03-18 04:54:26,694 - INFO - Epoch 6/10, Train Loss: 13.9257, Val Loss: 14.3195
2025-03-18 04:54:26,695 - INFO - Validation loss decreased from 14.8632 to 14.3195. Saving model...
2025-03-18 04:54:29,236 - INFO - Epoch 7/10, Train Loss: 14.2573, Val Loss: 13.8869
2025-03-18 04:54:29,236 - INFO - Validation loss decreased from 14.3195 to 13.8869. Saving model...
2025-03-18 04:54:31,418 - INFO - Epoch 8/10, Train Loss: 12.9230, Val Loss: 13.5742
2025-03-18 04:54:31,419 - INFO - Validation loss decreased from 13.8869 to 13.5742. Saving model...
2025-03-18 04:54:33,551 - INFO - Epoch 9/10, Train Loss: 12.2469, Val Loss: 13.3611
2025-03-18 04:54:33,551 - INFO - Validation loss decreased from 13.5742 to 13.3611. Saving model...
2025-03-18 04:54:35,722 - INFO - Epoch 10/10, Train Loss: 12.0077, Val Loss: 13.2576
2025-03-18 04:54:35,723 - INFO - Validation loss decreased from 13.3611 to 13.2576. Saving model...
2025-03-18 04:54:37,404 - INFO - Training completed. Best validation loss: 13.2576
2025-03-18 04:54:37,406 - INFO - Model training completed!
2025-03-18 04:56:58,563 - INFO - Using device: cpu
2025-03-18 04:56:58,563 - WARNING - Input file TwoWheeler_Requirement_Conflict.csv not found. Using sample data.
2025-03-18 04:56:58,564 - INFO - Training on 4 examples, validating on 1 examples
2025-03-18 04:57:09,522 - INFO - Epoch 1/10, Train Loss: 19.1026, Val Loss: 24.4009
2025-03-18 04:57:09,522 - INFO - Validation loss decreased from inf to 24.4009. Saving model...
2025-03-18 04:57:16,701 - INFO - Epoch 2/10, Train Loss: 18.4439, Val Loss: 19.6763
2025-03-18 04:57:16,702 - INFO - Validation loss decreased from 24.4009 to 19.6763. Saving model...
2025-03-18 04:57:24,417 - INFO - Epoch 3/10, Train Loss: 16.2465, Val Loss: 15.8751
2025-03-18 04:57:24,417 - INFO - Validation loss decreased from 19.6763 to 15.8751. Saving model...
2025-03-18 04:57:37,472 - INFO - Epoch 4/10, Train Loss: 14.8451, Val Loss: 14.4089
2025-03-18 04:57:37,472 - INFO - Validation loss decreased from 15.8751 to 14.4089. Saving model...
2025-03-18 04:57:45,655 - INFO - Epoch 5/10, Train Loss: 13.5502, Val Loss: 13.5578
2025-03-18 04:57:45,656 - INFO - Validation loss decreased from 14.4089 to 13.5578. Saving model...
2025-03-18 04:58:05,534 - INFO - Epoch 6/10, Train Loss: 12.2475, Val Loss: 12.8558
2025-03-18 04:58:05,537 - INFO - Validation loss decreased from 13.5578 to 12.8558. Saving model...
2025-03-18 04:58:11,826 - INFO - Epoch 7/10, Train Loss: 12.3397, Val Loss: 12.2665
2025-03-18 04:58:11,827 - INFO - Validation loss decreased from 12.8558 to 12.2665. Saving model...
2025-03-18 04:58:26,947 - INFO - Epoch 8/10, Train Loss: 11.4486, Val Loss: 11.8010
2025-03-18 04:58:27,022 - INFO - Validation loss decreased from 12.2665 to 11.8010. Saving model...
2025-03-18 04:58:36,181 - INFO - Epoch 9/10, Train Loss: 11.3779, Val Loss: 11.4898
2025-03-18 04:58:36,181 - INFO - Validation loss decreased from 11.8010 to 11.4898. Saving model...
2025-03-18 04:58:43,280 - INFO - Epoch 10/10, Train Loss: 10.5773, Val Loss: 11.3272
2025-03-18 04:58:43,281 - INFO - Validation loss decreased from 11.4898 to 11.3272. Saving model...
2025-03-18 04:58:50,537 - INFO - Training completed. Best validation loss: 11.3272
2025-03-18 04:58:50,727 - INFO - Model training completed!
2025-03-18 04:59:49,027 - INFO - Using device: cpu
2025-03-18 04:59:49,027 - WARNING - Input file TwoWheeler_Requirement_Conflict.csv not found. Using sample data.
2025-03-18 04:59:49,029 - INFO - Training on 4 examples, validating on 1 examples
2025-03-18 04:59:51,840 - INFO - Epoch 1/10, Train Loss: 17.8876, Val Loss: 18.0026
2025-03-18 04:59:51,840 - INFO - Validation loss decreased from inf to 18.0026. Saving model...
2025-03-18 04:59:53,625 - INFO - Epoch 2/10, Train Loss: 17.9597, Val Loss: 17.2390
2025-03-18 04:59:53,626 - INFO - Validation loss decreased from 18.0026 to 17.2390. Saving model...
2025-03-18 04:59:55,378 - INFO - Epoch 3/10, Train Loss: 19.0169, Val Loss: 16.6324
2025-03-18 04:59:55,378 - INFO - Validation loss decreased from 17.2390 to 16.6324. Saving model...
2025-03-18 04:59:57,863 - INFO - Epoch 4/10, Train Loss: 17.7363, Val Loss: 16.1229
2025-03-18 04:59:57,863 - INFO - Validation loss decreased from 16.6324 to 16.1229. Saving model...
2025-03-18 04:59:59,762 - INFO - Epoch 5/10, Train Loss: 13.7088, Val Loss: 15.7057
2025-03-18 04:59:59,762 - INFO - Validation loss decreased from 16.1229 to 15.7057. Saving model...
2025-03-18 05:00:01,864 - INFO - Epoch 6/10, Train Loss: 15.4409, Val Loss: 15.3616
2025-03-18 05:00:01,865 - INFO - Validation loss decreased from 15.7057 to 15.3616. Saving model...
2025-03-18 05:00:04,012 - INFO - Epoch 7/10, Train Loss: 15.0371, Val Loss: 15.0899
2025-03-18 05:00:04,013 - INFO - Validation loss decreased from 15.3616 to 15.0899. Saving model...
2025-03-18 05:00:11,897 - INFO - Epoch 8/10, Train Loss: 16.0124, Val Loss: 14.8908
2025-03-18 05:00:11,897 - INFO - Validation loss decreased from 15.0899 to 14.8908. Saving model...
2025-03-18 05:00:13,968 - INFO - Epoch 9/10, Train Loss: 15.9365, Val Loss: 14.7605
2025-03-18 05:00:13,968 - INFO - Validation loss decreased from 14.8908 to 14.7605. Saving model...
2025-03-18 05:00:17,172 - INFO - Epoch 10/10, Train Loss: 14.8570, Val Loss: 14.6947
2025-03-18 05:00:17,172 - INFO - Validation loss decreased from 14.7605 to 14.6947. Saving model...
2025-03-18 05:00:17,690 - INFO - Training completed. Best validation loss: 14.6947
2025-03-18 05:00:17,692 - INFO - Model training completed!
2025-03-18 05:01:50,090 - INFO - Using device: cpu
2025-03-18 05:01:50,090 - WARNING - Input file TwoWheeler_Requirement_Conflict.csv not found. Using sample data.
2025-03-18 05:01:50,091 - INFO - Training on 4 examples, validating on 1 examples
2025-03-18 05:01:52,886 - INFO - Epoch 1/28, Train Loss: 19.0091, Val Loss: 18.0026
2025-03-18 05:01:52,886 - INFO - Validation loss decreased from inf to 18.0026. Saving model...
2025-03-18 05:01:54,599 - INFO - Epoch 2/28, Train Loss: 16.3686, Val Loss: 17.6063
2025-03-18 05:01:54,599 - INFO - Validation loss decreased from 18.0026 to 17.6063. Saving model...
2025-03-18 05:01:56,444 - INFO - Epoch 3/28, Train Loss: 15.6342, Val Loss: 16.9035
2025-03-18 05:01:56,444 - INFO - Validation loss decreased from 17.6063 to 16.9035. Saving model...
2025-03-18 05:01:58,932 - INFO - Epoch 4/28, Train Loss: 17.6704, Val Loss: 16.2698
2025-03-18 05:01:58,932 - INFO - Validation loss decreased from 16.9035 to 16.2698. Saving model...
2025-03-18 05:02:00,957 - INFO - Epoch 5/28, Train Loss: 14.8593, Val Loss: 15.7441
2025-03-18 05:02:00,958 - INFO - Validation loss decreased from 16.2698 to 15.7441. Saving model...
2025-03-18 05:02:02,895 - INFO - Epoch 6/28, Train Loss: 17.8202, Val Loss: 15.2561
2025-03-18 05:02:02,896 - INFO - Validation loss decreased from 15.7441 to 15.2561. Saving model...
2025-03-18 05:02:04,978 - INFO - Epoch 7/28, Train Loss: 16.3640, Val Loss: 14.7823
2025-03-18 05:02:04,978 - INFO - Validation loss decreased from 15.2561 to 14.7823. Saving model...
2025-03-18 05:02:06,888 - INFO - Epoch 8/28, Train Loss: 12.7449, Val Loss: 14.3428
2025-03-18 05:02:06,888 - INFO - Validation loss decreased from 14.7823 to 14.3428. Saving model...
2025-03-18 05:02:09,086 - INFO - Epoch 9/28, Train Loss: 14.2805, Val Loss: 13.9433
2025-03-18 05:02:09,087 - INFO - Validation loss decreased from 14.3428 to 13.9433. Saving model...
2025-03-18 05:02:11,018 - INFO - Epoch 10/28, Train Loss: 13.5067, Val Loss: 13.5520
2025-03-18 05:02:11,018 - INFO - Validation loss decreased from 13.9433 to 13.5520. Saving model...
2025-03-18 05:02:13,189 - INFO - Epoch 11/28, Train Loss: 15.0216, Val Loss: 13.1834
2025-03-18 05:02:13,189 - INFO - Validation loss decreased from 13.5520 to 13.1834. Saving model...
2025-03-18 05:02:14,973 - INFO - Epoch 12/28, Train Loss: 14.0558, Val Loss: 12.8274
2025-03-18 05:02:14,974 - INFO - Validation loss decreased from 13.1834 to 12.8274. Saving model...
2025-03-18 05:02:16,938 - INFO - Epoch 13/28, Train Loss: 12.8851, Val Loss: 12.4773
2025-03-18 05:02:16,938 - INFO - Validation loss decreased from 12.8274 to 12.4773. Saving model...
2025-03-18 05:02:19,172 - INFO - Epoch 14/28, Train Loss: 12.5885, Val Loss: 12.1573
2025-03-18 05:02:19,172 - INFO - Validation loss decreased from 12.4773 to 12.1573. Saving model...
2025-03-18 05:02:21,097 - INFO - Epoch 15/28, Train Loss: 12.2557, Val Loss: 11.8560
2025-03-18 05:02:21,098 - INFO - Validation loss decreased from 12.1573 to 11.8560. Saving model...
2025-03-18 05:02:23,051 - INFO - Epoch 16/28, Train Loss: 10.8176, Val Loss: 11.5754
2025-03-18 05:02:23,051 - INFO - Validation loss decreased from 11.8560 to 11.5754. Saving model...
2025-03-18 05:02:24,949 - INFO - Epoch 17/28, Train Loss: 12.2609, Val Loss: 11.3175
2025-03-18 05:02:24,950 - INFO - Validation loss decreased from 11.5754 to 11.3175. Saving model...
2025-03-18 05:02:26,780 - INFO - Epoch 18/28, Train Loss: 11.9226, Val Loss: 11.0794
2025-03-18 05:02:26,780 - INFO - Validation loss decreased from 11.3175 to 11.0794. Saving model...
2025-03-18 05:02:28,548 - INFO - Epoch 19/28, Train Loss: 10.5815, Val Loss: 10.8647
2025-03-18 05:02:28,549 - INFO - Validation loss decreased from 11.0794 to 10.8647. Saving model...
2025-03-18 05:02:30,445 - INFO - Epoch 20/28, Train Loss: 11.6108, Val Loss: 10.6726
2025-03-18 05:02:30,446 - INFO - Validation loss decreased from 10.8647 to 10.6726. Saving model...
2025-03-18 05:02:32,329 - INFO - Epoch 21/28, Train Loss: 9.2274, Val Loss: 10.5167
2025-03-18 05:02:32,329 - INFO - Validation loss decreased from 10.6726 to 10.5167. Saving model...
2025-03-18 05:02:34,419 - INFO - Epoch 22/28, Train Loss: 10.9054, Val Loss: 10.3781
2025-03-18 05:02:34,420 - INFO - Validation loss decreased from 10.5167 to 10.3781. Saving model...
2025-03-18 05:02:36,341 - INFO - Epoch 23/28, Train Loss: 9.3651, Val Loss: 10.2566
2025-03-18 05:02:36,341 - INFO - Validation loss decreased from 10.3781 to 10.2566. Saving model...
2025-03-18 05:02:38,586 - INFO - Epoch 24/28, Train Loss: 10.7525, Val Loss: 10.1574
2025-03-18 05:02:38,586 - INFO - Validation loss decreased from 10.2566 to 10.1574. Saving model...
2025-03-18 05:02:40,509 - INFO - Epoch 25/28, Train Loss: 9.6390, Val Loss: 10.0745
2025-03-18 05:02:40,509 - INFO - Validation loss decreased from 10.1574 to 10.0745. Saving model...
2025-03-18 05:02:42,354 - INFO - Epoch 26/28, Train Loss: 10.8094, Val Loss: 10.0160
2025-03-18 05:02:42,354 - INFO - Validation loss decreased from 10.0745 to 10.0160. Saving model...
2025-03-18 05:02:44,357 - INFO - Epoch 27/28, Train Loss: 9.2948, Val Loss: 9.9766
2025-03-18 05:02:44,357 - INFO - Validation loss decreased from 10.0160 to 9.9766. Saving model...
2025-03-18 05:02:46,208 - INFO - Epoch 28/28, Train Loss: 9.8076, Val Loss: 9.9563
2025-03-18 05:02:46,209 - INFO - Validation loss decreased from 9.9766 to 9.9563. Saving model...
2025-03-18 05:02:46,561 - INFO - Training completed. Best validation loss: 9.9563
2025-03-18 05:02:46,562 - INFO - Model training completed!
2025-03-18 05:03:24,079 - INFO - Using device: cpu
2025-03-18 05:03:24,079 - WARNING - Input file TwoWheeler_Requirement_Conflict.csv not found. Using sample data.
2025-03-18 05:03:24,080 - INFO - Training on 4 examples, validating on 1 examples
2025-03-18 05:03:26,981 - INFO - Epoch 1/50, Train Loss: 15.0025, Val Loss: 18.0026
2025-03-18 05:03:26,981 - INFO - Validation loss decreased from inf to 18.0026. Saving model...
2025-03-18 05:03:29,052 - INFO - Epoch 2/50, Train Loss: 17.0669, Val Loss: 17.8860
2025-03-18 05:03:29,053 - INFO - Validation loss decreased from 18.0026 to 17.8860. Saving model...
2025-03-18 05:03:31,145 - INFO - Epoch 3/50, Train Loss: 15.2459, Val Loss: 17.6426
2025-03-18 05:03:31,146 - INFO - Validation loss decreased from 17.8860 to 17.6426. Saving model...
2025-03-18 05:03:33,036 - INFO - Epoch 4/50, Train Loss: 19.5139, Val Loss: 17.3132
2025-03-18 05:03:33,037 - INFO - Validation loss decreased from 17.6426 to 17.3132. Saving model...
2025-03-18 05:03:34,900 - INFO - Epoch 5/50, Train Loss: 15.2871, Val Loss: 16.8589
2025-03-18 05:03:34,901 - INFO - Validation loss decreased from 17.3132 to 16.8589. Saving model...
2025-03-18 05:03:37,302 - INFO - Epoch 6/50, Train Loss: 16.1373, Val Loss: 16.2808
2025-03-18 05:03:37,303 - INFO - Validation loss decreased from 16.8589 to 16.2808. Saving model...
2025-03-18 05:03:39,567 - INFO - Epoch 7/50, Train Loss: 13.9347, Val Loss: 15.7359
2025-03-18 05:03:39,567 - INFO - Validation loss decreased from 16.2808 to 15.7359. Saving model...
2025-03-18 05:03:41,802 - INFO - Epoch 8/50, Train Loss: 16.1919, Val Loss: 15.2208
2025-03-18 05:03:41,802 - INFO - Validation loss decreased from 15.7359 to 15.2208. Saving model...
2025-03-18 05:03:43,840 - INFO - Epoch 9/50, Train Loss: 15.0041, Val Loss: 14.7010
2025-03-18 05:03:43,840 - INFO - Validation loss decreased from 15.2208 to 14.7010. Saving model...
2025-03-18 05:03:45,956 - INFO - Epoch 10/50, Train Loss: 16.0370, Val Loss: 14.1770
2025-03-18 05:03:45,957 - INFO - Validation loss decreased from 14.7010 to 14.1770. Saving model...
2025-03-18 05:03:48,277 - INFO - Epoch 11/50, Train Loss: 14.0196, Val Loss: 13.6786
2025-03-18 05:03:48,277 - INFO - Validation loss decreased from 14.1770 to 13.6786. Saving model...
2025-03-18 05:03:50,326 - INFO - Epoch 12/50, Train Loss: 13.6697, Val Loss: 13.1909
2025-03-18 05:03:50,327 - INFO - Validation loss decreased from 13.6786 to 13.1909. Saving model...
2025-03-18 05:03:52,451 - INFO - Epoch 13/50, Train Loss: 15.6206, Val Loss: 12.7360
2025-03-18 05:03:52,451 - INFO - Validation loss decreased from 13.1909 to 12.7360. Saving model...
2025-03-18 05:03:54,569 - INFO - Epoch 14/50, Train Loss: 11.2239, Val Loss: 12.2905
2025-03-18 05:03:54,569 - INFO - Validation loss decreased from 12.7360 to 12.2905. Saving model...
2025-03-18 05:03:56,979 - INFO - Epoch 15/50, Train Loss: 12.3220, Val Loss: 11.8627
2025-03-18 05:03:56,980 - INFO - Validation loss decreased from 12.2905 to 11.8627. Saving model...
2025-03-18 05:03:59,097 - INFO - Epoch 16/50, Train Loss: 11.1297, Val Loss: 11.4422
2025-03-18 05:03:59,098 - INFO - Validation loss decreased from 11.8627 to 11.4422. Saving model...
2025-03-18 05:04:01,323 - INFO - Epoch 17/50, Train Loss: 8.8297, Val Loss: 11.0374
2025-03-18 05:04:01,323 - INFO - Validation loss decreased from 11.4422 to 11.0374. Saving model...
2025-03-18 05:04:03,625 - INFO - Epoch 18/50, Train Loss: 10.5075, Val Loss: 10.6607
2025-03-18 05:04:03,626 - INFO - Validation loss decreased from 11.0374 to 10.6607. Saving model...
2025-03-18 05:04:05,783 - INFO - Epoch 19/50, Train Loss: 10.0611, Val Loss: 10.3262
2025-03-18 05:04:05,783 - INFO - Validation loss decreased from 10.6607 to 10.3262. Saving model...
2025-03-18 05:04:07,885 - INFO - Epoch 20/50, Train Loss: 8.7596, Val Loss: 9.9969
2025-03-18 05:04:07,885 - INFO - Validation loss decreased from 10.3262 to 9.9969. Saving model...
2025-03-18 05:04:09,948 - INFO - Epoch 21/50, Train Loss: 10.1249, Val Loss: 9.6698
2025-03-18 05:04:09,948 - INFO - Validation loss decreased from 9.9969 to 9.6698. Saving model...
2025-03-18 05:04:12,312 - INFO - Epoch 22/50, Train Loss: 11.3742, Val Loss: 9.3713
2025-03-18 05:04:12,313 - INFO - Validation loss decreased from 9.6698 to 9.3713. Saving model...
2025-03-18 05:04:14,112 - INFO - Epoch 23/50, Train Loss: 9.8458, Val Loss: 9.0779
2025-03-18 05:04:14,112 - INFO - Validation loss decreased from 9.3713 to 9.0779. Saving model...
2025-03-18 05:04:16,168 - INFO - Epoch 24/50, Train Loss: 7.9745, Val Loss: 8.7875
2025-03-18 05:04:16,168 - INFO - Validation loss decreased from 9.0779 to 8.7875. Saving model...
2025-03-18 05:04:19,787 - INFO - Epoch 25/50, Train Loss: 8.9298, Val Loss: 8.5021
2025-03-18 05:04:19,788 - INFO - Validation loss decreased from 8.7875 to 8.5021. Saving model...
2025-03-18 05:04:21,955 - INFO - Epoch 26/50, Train Loss: 7.6618, Val Loss: 8.2075
2025-03-18 05:04:21,955 - INFO - Validation loss decreased from 8.5021 to 8.2075. Saving model...
2025-03-18 05:04:24,329 - INFO - Epoch 27/50, Train Loss: 8.7647, Val Loss: 7.9250
2025-03-18 05:04:24,330 - INFO - Validation loss decreased from 8.2075 to 7.9250. Saving model...
2025-03-18 05:04:27,519 - INFO - Epoch 28/50, Train Loss: 7.7321, Val Loss: 7.6674
2025-03-18 05:04:27,519 - INFO - Validation loss decreased from 7.9250 to 7.6674. Saving model...
2025-03-18 05:04:29,799 - INFO - Epoch 29/50, Train Loss: 7.0548, Val Loss: 7.4196
2025-03-18 05:04:29,799 - INFO - Validation loss decreased from 7.6674 to 7.4196. Saving model...
2025-03-18 05:04:31,752 - INFO - Epoch 30/50, Train Loss: 7.6895, Val Loss: 7.1842
2025-03-18 05:04:31,752 - INFO - Validation loss decreased from 7.4196 to 7.1842. Saving model...
2025-03-18 05:04:33,651 - INFO - Epoch 31/50, Train Loss: 7.3959, Val Loss: 6.9598
2025-03-18 05:04:33,652 - INFO - Validation loss decreased from 7.1842 to 6.9598. Saving model...
2025-03-18 05:04:38,879 - INFO - Epoch 32/50, Train Loss: 6.4224, Val Loss: 6.7516
2025-03-18 05:04:38,879 - INFO - Validation loss decreased from 6.9598 to 6.7516. Saving model...
2025-03-18 05:04:40,889 - INFO - Epoch 33/50, Train Loss: 9.0825, Val Loss: 6.5558
2025-03-18 05:04:40,889 - INFO - Validation loss decreased from 6.7516 to 6.5558. Saving model...
2025-03-18 05:04:43,017 - INFO - Epoch 34/50, Train Loss: 5.8095, Val Loss: 6.3798
2025-03-18 05:04:43,018 - INFO - Validation loss decreased from 6.5558 to 6.3798. Saving model...
2025-03-18 05:04:49,193 - INFO - Epoch 35/50, Train Loss: 8.0606, Val Loss: 6.2104
2025-03-18 05:04:49,194 - INFO - Validation loss decreased from 6.3798 to 6.2104. Saving model...
2025-03-18 05:04:51,219 - INFO - Epoch 36/50, Train Loss: 7.8339, Val Loss: 6.0571
2025-03-18 05:04:51,219 - INFO - Validation loss decreased from 6.2104 to 6.0571. Saving model...
2025-03-18 05:04:53,342 - INFO - Epoch 37/50, Train Loss: 5.6262, Val Loss: 5.9198
2025-03-18 05:04:53,342 - INFO - Validation loss decreased from 6.0571 to 5.9198. Saving model...
2025-03-18 05:04:55,301 - INFO - Epoch 38/50, Train Loss: 5.0721, Val Loss: 5.7936
2025-03-18 05:04:55,302 - INFO - Validation loss decreased from 5.9198 to 5.7936. Saving model...
2025-03-18 05:04:57,305 - INFO - Epoch 39/50, Train Loss: 6.6216, Val Loss: 5.6759
2025-03-18 05:04:57,305 - INFO - Validation loss decreased from 5.7936 to 5.6759. Saving model...
2025-03-18 05:05:01,595 - INFO - Epoch 40/50, Train Loss: 5.2036, Val Loss: 5.5656
2025-03-18 05:05:01,596 - INFO - Validation loss decreased from 5.6759 to 5.5656. Saving model...
2025-03-18 05:05:03,734 - INFO - Epoch 41/50, Train Loss: 6.4796, Val Loss: 5.4621
2025-03-18 05:05:03,735 - INFO - Validation loss decreased from 5.5656 to 5.4621. Saving model...
2025-03-18 05:05:05,775 - INFO - Epoch 42/50, Train Loss: 6.2562, Val Loss: 5.3667
2025-03-18 05:05:05,775 - INFO - Validation loss decreased from 5.4621 to 5.3667. Saving model...
2025-03-18 05:05:07,806 - INFO - Epoch 43/50, Train Loss: 5.0747, Val Loss: 5.2827
2025-03-18 05:05:07,806 - INFO - Validation loss decreased from 5.3667 to 5.2827. Saving model...
2025-03-18 05:05:09,858 - INFO - Epoch 44/50, Train Loss: 6.8115, Val Loss: 5.2084
2025-03-18 05:05:09,858 - INFO - Validation loss decreased from 5.2827 to 5.2084. Saving model...
2025-03-18 05:05:11,815 - INFO - Epoch 45/50, Train Loss: 7.1384, Val Loss: 5.1444
2025-03-18 05:05:11,815 - INFO - Validation loss decreased from 5.2084 to 5.1444. Saving model...
2025-03-18 05:05:13,975 - INFO - Epoch 46/50, Train Loss: 6.2340, Val Loss: 5.0909
2025-03-18 05:05:13,975 - INFO - Validation loss decreased from 5.1444 to 5.0909. Saving model...
2025-03-18 05:05:15,809 - INFO - Epoch 47/50, Train Loss: 6.7809, Val Loss: 5.0461
2025-03-18 05:05:15,810 - INFO - Validation loss decreased from 5.0909 to 5.0461. Saving model...
2025-03-18 05:05:20,252 - INFO - Epoch 48/50, Train Loss: 6.2181, Val Loss: 5.0124
2025-03-18 05:05:20,252 - INFO - Validation loss decreased from 5.0461 to 5.0124. Saving model...
2025-03-18 05:05:22,159 - INFO - Epoch 49/50, Train Loss: 3.5967, Val Loss: 4.9905
2025-03-18 05:05:22,159 - INFO - Validation loss decreased from 5.0124 to 4.9905. Saving model...
2025-03-18 05:05:24,440 - INFO - Epoch 50/50, Train Loss: 4.7466, Val Loss: 4.9796
2025-03-18 05:05:24,440 - INFO - Validation loss decreased from 4.9905 to 4.9796. Saving model...
2025-03-18 05:05:24,985 - INFO - Training completed. Best validation loss: 4.9796
2025-03-18 05:05:25,004 - INFO - Model training completed!
2025-03-18 05:06:35,291 - INFO - Using device: cpu
2025-03-18 05:06:35,291 - WARNING - Input file TwoWheeler_Requirement_Conflict.csv not found. Using sample data.
2025-03-18 05:06:35,293 - INFO - Training on 4 examples, validating on 1 examples
2025-03-18 05:08:45,919 - INFO - Using device: cpu
2025-03-18 05:08:45,921 - WARNING - Input file TwoWheeler_Requirement_Conflict.csv not found. Using sample data.
2025-03-18 05:08:45,927 - INFO - Training on 4 examples, validating on 1 examples
2025-03-18 05:08:55,855 - INFO - Epoch 1/50, Train Loss: 18.3347, Val Loss: 24.4009
2025-03-18 05:08:55,855 - INFO - Validation loss decreased from inf to 24.4009. Saving model...
2025-03-18 05:09:08,888 - INFO - Epoch 2/50, Train Loss: 18.6120, Val Loss: 23.7764
2025-03-18 05:09:08,889 - INFO - Validation loss decreased from 24.4009 to 23.7764. Saving model...
2025-03-18 05:09:15,265 - INFO - Epoch 3/50, Train Loss: 18.0835, Val Loss: 22.3706
2025-03-18 05:09:15,265 - INFO - Validation loss decreased from 23.7764 to 22.3706. Saving model...
2025-03-18 05:09:26,679 - INFO - Epoch 4/50, Train Loss: 18.0689, Val Loss: 20.0799
2025-03-18 05:09:26,680 - INFO - Validation loss decreased from 22.3706 to 20.0799. Saving model...
2025-03-18 05:09:44,761 - INFO - Epoch 5/50, Train Loss: 17.7014, Val Loss: 16.6590
2025-03-18 05:09:44,999 - INFO - Validation loss decreased from 20.0799 to 16.6590. Saving model...
2025-03-18 05:09:50,833 - INFO - Epoch 6/50, Train Loss: 15.9135, Val Loss: 14.7094
2025-03-18 05:09:50,833 - INFO - Validation loss decreased from 16.6590 to 14.7094. Saving model...
2025-03-18 05:10:04,402 - INFO - Epoch 7/50, Train Loss: 14.2323, Val Loss: 14.5056
2025-03-18 05:10:04,491 - INFO - Validation loss decreased from 14.7094 to 14.5056. Saving model...
2025-03-18 05:10:19,723 - INFO - Epoch 8/50, Train Loss: 13.9840, Val Loss: 13.7301
2025-03-18 05:10:19,724 - INFO - Validation loss decreased from 14.5056 to 13.7301. Saving model...
2025-03-18 05:10:26,517 - INFO - Epoch 9/50, Train Loss: 13.2165, Val Loss: 13.2492
2025-03-18 05:10:26,570 - INFO - Validation loss decreased from 13.7301 to 13.2492. Saving model...
2025-03-18 05:10:43,204 - INFO - Epoch 10/50, Train Loss: 11.6899, Val Loss: 12.8839
2025-03-18 05:10:43,204 - INFO - Validation loss decreased from 13.2492 to 12.8839. Saving model...
2025-03-18 05:10:54,149 - INFO - Epoch 11/50, Train Loss: 13.3513, Val Loss: 12.5076
2025-03-18 05:10:54,711 - INFO - Validation loss decreased from 12.8839 to 12.5076. Saving model...
2025-03-18 05:11:02,523 - INFO - Epoch 12/50, Train Loss: 11.3016, Val Loss: 11.9206
2025-03-18 05:11:02,524 - INFO - Validation loss decreased from 12.5076 to 11.9206. Saving model...
2025-03-18 05:11:16,812 - INFO - Epoch 13/50, Train Loss: 12.1693, Val Loss: 11.3175
2025-03-18 05:11:16,864 - INFO - Validation loss decreased from 11.9206 to 11.3175. Saving model...
2025-03-18 05:11:28,916 - INFO - Epoch 14/50, Train Loss: 9.4760, Val Loss: 10.7380
2025-03-18 05:11:28,917 - INFO - Validation loss decreased from 11.3175 to 10.7380. Saving model...
2025-03-18 05:11:39,201 - INFO - Epoch 15/50, Train Loss: 10.0571, Val Loss: 10.1315
2025-03-18 05:11:39,204 - INFO - Validation loss decreased from 10.7380 to 10.1315. Saving model...
2025-03-18 05:11:53,290 - INFO - Epoch 16/50, Train Loss: 9.7463, Val Loss: 9.5469
2025-03-18 05:11:53,291 - INFO - Validation loss decreased from 10.1315 to 9.5469. Saving model...
2025-03-18 05:12:03,596 - INFO - Epoch 17/50, Train Loss: 8.8110, Val Loss: 8.9057
2025-03-18 05:12:03,599 - INFO - Validation loss decreased from 9.5469 to 8.9057. Saving model...
2025-03-18 05:12:10,443 - INFO - Epoch 18/50, Train Loss: 9.2161, Val Loss: 8.2830
2025-03-18 05:12:10,712 - INFO - Validation loss decreased from 8.9057 to 8.2830. Saving model...
2025-03-18 05:12:29,946 - INFO - Epoch 19/50, Train Loss: 7.9543, Val Loss: 7.7819
2025-03-18 05:12:29,947 - INFO - Validation loss decreased from 8.2830 to 7.7819. Saving model...
2025-03-18 05:12:36,136 - INFO - Epoch 20/50, Train Loss: 8.4185, Val Loss: 7.3550
2025-03-18 05:12:36,137 - INFO - Validation loss decreased from 7.7819 to 7.3550. Saving model...
2025-03-18 05:12:43,772 - INFO - Epoch 21/50, Train Loss: 7.3713, Val Loss: 6.9483
2025-03-18 05:12:43,773 - INFO - Validation loss decreased from 7.3550 to 6.9483. Saving model...
2025-03-18 05:12:50,730 - INFO - Epoch 22/50, Train Loss: 6.2313, Val Loss: 6.5766
2025-03-18 05:12:50,731 - INFO - Validation loss decreased from 6.9483 to 6.5766. Saving model...
2025-03-18 05:13:09,632 - INFO - Epoch 23/50, Train Loss: 6.1176, Val Loss: 6.2226
2025-03-18 05:13:09,632 - INFO - Validation loss decreased from 6.5766 to 6.2226. Saving model...
2025-03-18 05:13:20,736 - INFO - Epoch 24/50, Train Loss: 6.3691, Val Loss: 5.8872
2025-03-18 05:13:20,737 - INFO - Validation loss decreased from 6.2226 to 5.8872. Saving model...
2025-03-18 05:13:28,663 - INFO - Epoch 25/50, Train Loss: 5.8829, Val Loss: 5.5394
2025-03-18 05:13:28,663 - INFO - Validation loss decreased from 5.8872 to 5.5394. Saving model...
2025-03-18 05:13:40,479 - INFO - Epoch 26/50, Train Loss: 6.3604, Val Loss: 5.2502
2025-03-18 05:13:40,479 - INFO - Validation loss decreased from 5.5394 to 5.2502. Saving model...
2025-03-18 05:13:57,571 - INFO - Epoch 27/50, Train Loss: 5.0208, Val Loss: 4.9754
2025-03-18 05:13:57,572 - INFO - Validation loss decreased from 5.2502 to 4.9754. Saving model...
2025-03-18 05:14:02,951 - INFO - Epoch 28/50, Train Loss: 4.8451, Val Loss: 4.7489
2025-03-18 05:14:02,952 - INFO - Validation loss decreased from 4.9754 to 4.7489. Saving model...
2025-03-18 05:14:25,456 - INFO - Epoch 29/50, Train Loss: 5.1672, Val Loss: 4.4767
2025-03-18 05:14:25,457 - INFO - Validation loss decreased from 4.7489 to 4.4767. Saving model...
2025-03-18 05:14:31,787 - INFO - Epoch 30/50, Train Loss: 4.8561, Val Loss: 4.1980
2025-03-18 05:14:31,787 - INFO - Validation loss decreased from 4.4767 to 4.1980. Saving model...
2025-03-18 05:14:44,102 - INFO - Epoch 31/50, Train Loss: 3.8826, Val Loss: 3.9374
2025-03-18 05:14:44,102 - INFO - Validation loss decreased from 4.1980 to 3.9374. Saving model...
2025-03-18 05:14:54,160 - INFO - Epoch 32/50, Train Loss: 3.6276, Val Loss: 3.6796
2025-03-18 05:14:54,161 - INFO - Validation loss decreased from 3.9374 to 3.6796. Saving model...
2025-03-18 05:15:06,382 - INFO - Epoch 33/50, Train Loss: 3.5658, Val Loss: 3.4332
2025-03-18 05:15:06,383 - INFO - Validation loss decreased from 3.6796 to 3.4332. Saving model...
2025-03-18 05:15:13,642 - INFO - Epoch 34/50, Train Loss: 4.1975, Val Loss: 3.1763
2025-03-18 05:15:13,643 - INFO - Validation loss decreased from 3.4332 to 3.1763. Saving model...
2025-03-18 05:15:20,716 - INFO - Epoch 35/50, Train Loss: 3.1892, Val Loss: 2.9275
2025-03-18 05:15:20,716 - INFO - Validation loss decreased from 3.1763 to 2.9275. Saving model...
2025-03-18 05:15:27,568 - INFO - Epoch 36/50, Train Loss: 3.1553, Val Loss: 2.7115
2025-03-18 05:15:27,569 - INFO - Validation loss decreased from 2.9275 to 2.7115. Saving model...
2025-03-18 05:15:40,501 - INFO - Epoch 37/50, Train Loss: 3.3469, Val Loss: 2.5303
2025-03-18 05:15:40,502 - INFO - Validation loss decreased from 2.7115 to 2.5303. Saving model...
2025-03-18 05:15:56,666 - INFO - Epoch 38/50, Train Loss: 3.1232, Val Loss: 2.3808
2025-03-18 05:15:56,666 - INFO - Validation loss decreased from 2.5303 to 2.3808. Saving model...
2025-03-18 05:16:07,038 - INFO - Epoch 39/50, Train Loss: 2.9073, Val Loss: 2.2446
2025-03-18 05:16:07,038 - INFO - Validation loss decreased from 2.3808 to 2.2446. Saving model...
2025-03-18 05:16:16,814 - INFO - Epoch 40/50, Train Loss: 2.5583, Val Loss: 2.1198
2025-03-18 05:16:16,814 - INFO - Validation loss decreased from 2.2446 to 2.1198. Saving model...
2025-03-18 05:16:24,095 - INFO - Epoch 41/50, Train Loss: 2.6629, Val Loss: 2.0127
2025-03-18 05:16:24,096 - INFO - Validation loss decreased from 2.1198 to 2.0127. Saving model...
2025-03-18 05:16:34,857 - INFO - Epoch 42/50, Train Loss: 2.4848, Val Loss: 1.9162
2025-03-18 05:16:34,857 - INFO - Validation loss decreased from 2.0127 to 1.9162. Saving model...
2025-03-18 05:16:41,077 - INFO - Epoch 43/50, Train Loss: 2.5166, Val Loss: 1.8317
2025-03-18 05:16:41,077 - INFO - Validation loss decreased from 1.9162 to 1.8317. Saving model...
2025-03-18 05:16:47,639 - INFO - Epoch 44/50, Train Loss: 2.5807, Val Loss: 1.7588
2025-03-18 05:16:47,639 - INFO - Validation loss decreased from 1.8317 to 1.7588. Saving model...
2025-03-18 05:17:01,647 - INFO - Epoch 45/50, Train Loss: 2.1151, Val Loss: 1.6969
2025-03-18 05:17:01,648 - INFO - Validation loss decreased from 1.7588 to 1.6969. Saving model...
2025-03-18 05:17:09,142 - INFO - Epoch 46/50, Train Loss: 2.0057, Val Loss: 1.6465
2025-03-18 05:17:09,142 - INFO - Validation loss decreased from 1.6969 to 1.6465. Saving model...
2025-03-18 05:17:15,649 - INFO - Epoch 47/50, Train Loss: 2.1180, Val Loss: 1.6070
2025-03-18 05:17:15,650 - INFO - Validation loss decreased from 1.6465 to 1.6070. Saving model...
2025-03-18 05:17:22,337 - INFO - Epoch 48/50, Train Loss: 2.0270, Val Loss: 1.5772
2025-03-18 05:17:22,370 - INFO - Validation loss decreased from 1.6070 to 1.5772. Saving model...
2025-03-18 05:17:42,009 - INFO - Epoch 49/50, Train Loss: 2.6520, Val Loss: 1.5573
2025-03-18 05:17:42,009 - INFO - Validation loss decreased from 1.5772 to 1.5573. Saving model...
2025-03-18 05:17:53,087 - INFO - Epoch 50/50, Train Loss: 2.3811, Val Loss: 1.5474
2025-03-18 05:17:53,088 - INFO - Validation loss decreased from 1.5573 to 1.5474. Saving model...
2025-03-18 05:17:58,182 - INFO - Training completed. Best validation loss: 1.5474
2025-03-18 05:17:58,191 - INFO - Model training completed!
2025-03-18 05:26:15,034 - INFO - Loading model from trained_model
2025-03-18 05:26:15,419 - INFO - Loaded 10 requirement pairs
2025-03-18 06:16:10,622 - INFO - Loading model from trained_model
2025-03-18 06:16:10,954 - ERROR - Error reading input file: 'utf-8' codec can't decode byte 0xa1 in position 665: invalid start byte
2025-03-18 06:16:10,957 - INFO - Prediction completed!
2025-03-18 06:18:49,883 - INFO - Loading model from trained_model
2025-03-18 06:18:50,210 - INFO - Loaded 10 requirement pairs
2025-03-18 06:19:44,696 - INFO - Analysis complete. Results saved to predictions.csv
2025-03-18 06:19:44,740 - INFO - Prediction completed!
2025-03-18 07:30:01,684 - INFO - Using device: cpu
2025-03-18 07:30:01,684 - WARNING - Input file training_data.csv not found. Using sample data.
2025-03-18 07:30:01,688 - INFO - Training on 2 examples, validating on 1 examples
2025-03-18 07:30:10,552 - INFO - Epoch 1/50, Train Loss: 19.1210, Val Loss: 22.6397
2025-03-18 07:30:10,552 - INFO - Validation loss decreased from inf to 22.6397. Saving model...
2025-03-18 07:30:17,790 - INFO - Epoch 2/50, Train Loss: 19.3705, Val Loss: 22.3603
2025-03-18 07:30:17,791 - INFO - Validation loss decreased from 22.6397 to 22.3603. Saving model...
2025-03-18 07:30:23,514 - INFO - Epoch 3/50, Train Loss: 18.3191, Val Loss: 21.5513
2025-03-18 07:30:23,514 - INFO - Validation loss decreased from 22.3603 to 21.5513. Saving model...
2025-03-18 07:30:29,502 - INFO - Epoch 4/50, Train Loss: 18.3466, Val Loss: 20.3068
2025-03-18 07:30:29,842 - INFO - Validation loss decreased from 21.5513 to 20.3068. Saving model...
2025-03-18 07:30:35,115 - INFO - Epoch 5/50, Train Loss: 16.3477, Val Loss: 18.2891
2025-03-18 07:30:35,116 - INFO - Validation loss decreased from 20.3068 to 18.2891. Saving model...
2025-03-18 07:30:46,312 - INFO - Epoch 6/50, Train Loss: 16.1595, Val Loss: 15.9854
2025-03-18 07:30:46,312 - INFO - Validation loss decreased from 18.2891 to 15.9854. Saving model...
2025-03-18 07:31:07,211 - INFO - Epoch 7/50, Train Loss: 16.2499, Val Loss: 14.5144
2025-03-18 07:31:07,211 - INFO - Validation loss decreased from 15.9854 to 14.5144. Saving model...
2025-03-18 07:31:12,983 - INFO - Epoch 8/50, Train Loss: 14.3800, Val Loss: 13.4667
2025-03-18 07:31:12,983 - INFO - Validation loss decreased from 14.5144 to 13.4667. Saving model...
2025-03-18 07:31:25,373 - INFO - Epoch 9/50, Train Loss: 13.6500, Val Loss: 12.6737
2025-03-18 07:31:25,373 - INFO - Validation loss decreased from 13.4667 to 12.6737. Saving model...
2025-03-18 07:31:39,507 - INFO - Epoch 10/50, Train Loss: 13.6782, Val Loss: 11.8488
2025-03-18 07:31:39,507 - INFO - Validation loss decreased from 12.6737 to 11.8488. Saving model...
2025-03-18 07:31:44,678 - INFO - Epoch 11/50, Train Loss: 13.0094, Val Loss: 11.1550
2025-03-18 07:31:44,679 - INFO - Validation loss decreased from 11.8488 to 11.1550. Saving model...
2025-03-18 07:31:57,561 - INFO - Epoch 12/50, Train Loss: 11.9124, Val Loss: 10.5651
2025-03-18 07:31:57,561 - INFO - Validation loss decreased from 11.1550 to 10.5651. Saving model...
2025-03-18 07:32:02,769 - INFO - Epoch 13/50, Train Loss: 12.6414, Val Loss: 10.0126
2025-03-18 07:32:02,769 - INFO - Validation loss decreased from 10.5651 to 10.0126. Saving model...
2025-03-18 07:32:21,184 - INFO - Epoch 14/50, Train Loss: 10.6902, Val Loss: 9.4871
2025-03-18 07:32:21,185 - INFO - Validation loss decreased from 10.0126 to 9.4871. Saving model...
2025-03-18 07:32:26,210 - INFO - Epoch 15/50, Train Loss: 10.0661, Val Loss: 9.0282
2025-03-18 07:32:26,210 - INFO - Validation loss decreased from 9.4871 to 9.0282. Saving model...
2025-03-18 07:32:31,975 - INFO - Epoch 16/50, Train Loss: 10.9520, Val Loss: 8.5983
2025-03-18 07:32:31,976 - INFO - Validation loss decreased from 9.0282 to 8.5983. Saving model...
2025-03-18 07:32:48,742 - INFO - Epoch 17/50, Train Loss: 10.3506, Val Loss: 8.1798
2025-03-18 07:32:48,742 - INFO - Validation loss decreased from 8.5983 to 8.1798. Saving model...
2025-03-18 07:32:53,922 - INFO - Epoch 18/50, Train Loss: 9.4098, Val Loss: 7.7937
2025-03-18 07:32:53,922 - INFO - Validation loss decreased from 8.1798 to 7.7937. Saving model...
2025-03-18 07:33:03,694 - INFO - Epoch 19/50, Train Loss: 9.0207, Val Loss: 7.4562
2025-03-18 07:33:12,935 - INFO - Validation loss decreased from 7.7937 to 7.4562. Saving model...
2025-03-18 07:33:19,161 - INFO - Epoch 20/50, Train Loss: 7.8924, Val Loss: 7.2278
2025-03-18 07:33:19,161 - INFO - Validation loss decreased from 7.4562 to 7.2278. Saving model...
2025-03-18 07:33:24,037 - INFO - Epoch 21/50, Train Loss: 7.0855, Val Loss: 7.0275
2025-03-18 07:33:24,037 - INFO - Validation loss decreased from 7.2278 to 7.0275. Saving model...
2025-03-18 07:33:31,104 - INFO - Epoch 22/50, Train Loss: 8.0856, Val Loss: 6.8369
2025-03-18 07:33:31,104 - INFO - Validation loss decreased from 7.0275 to 6.8369. Saving model...
2025-03-18 07:33:40,133 - INFO - Epoch 23/50, Train Loss: 6.9030, Val Loss: 6.6618
2025-03-18 07:33:40,134 - INFO - Validation loss decreased from 6.8369 to 6.6618. Saving model...
2025-03-18 07:33:50,690 - INFO - Epoch 24/50, Train Loss: 6.1177, Val Loss: 6.3987
2025-03-18 07:33:50,690 - INFO - Validation loss decreased from 6.6618 to 6.3987. Saving model...
2025-03-18 07:33:59,561 - INFO - Epoch 25/50, Train Loss: 6.0937, Val Loss: 6.0933
2025-03-18 07:33:59,561 - INFO - Validation loss decreased from 6.3987 to 6.0933. Saving model...
2025-03-18 07:34:13,460 - INFO - Epoch 26/50, Train Loss: 5.2320, Val Loss: 5.7592
2025-03-18 07:34:13,461 - INFO - Validation loss decreased from 6.0933 to 5.7592. Saving model...
2025-03-18 07:34:18,826 - INFO - Epoch 27/50, Train Loss: 6.0769, Val Loss: 5.4786
2025-03-18 07:34:18,826 - INFO - Validation loss decreased from 5.7592 to 5.4786. Saving model...
2025-03-18 07:34:27,663 - INFO - Epoch 28/50, Train Loss: 4.6578, Val Loss: 5.1714
2025-03-18 07:34:27,663 - INFO - Validation loss decreased from 5.4786 to 5.1714. Saving model...
