2025-03-11 09:13:11,913 - INFO - Created/verified model directory: models/
2025-03-11 09:13:11,913 - INFO - Starting model preparation...
2025-03-11 09:13:11,914 - INFO - Loaded processed data from dataset/processed_requirements.pkl
2025-03-11 09:13:11,935 - ERROR - Model preparation failed: expected sequence of length 23 at dim 1 (got 16)
2025-03-11 09:15:03,761 - INFO - Created/verified model directory: models/
2025-03-11 09:15:03,761 - INFO - Starting model preparation...
2025-03-11 09:15:03,761 - INFO - Loaded processed data from dataset/processed_requirements.pkl
2025-03-11 09:15:27,689 - INFO - Transformer model initialized with RoBERTa and T5.
2025-03-11 09:15:29,027 - ERROR - Forward pass failed: Expected key_padded_mask.shape[0] to be 26, but got 100
2025-03-11 09:15:29,027 - ERROR - Model preparation failed: Expected key_padded_mask.shape[0] to be 26, but got 100
2025-03-11 09:17:12,805 - INFO - Created/verified model directory: models/
2025-03-11 09:17:12,805 - INFO - Starting model preparation...
2025-03-11 09:17:12,807 - INFO - Loaded processed data from dataset/processed_requirements.pkl
2025-03-11 09:17:14,595 - INFO - Transformer model initialized with RoBERTa and T5.
2025-03-11 09:17:14,750 - ERROR - Forward pass failed: Expected key_padded_mask.shape[0] to be 26, but got 100
2025-03-11 09:17:14,750 - ERROR - Model preparation failed: Expected key_padded_mask.shape[0] to be 26, but got 100
2025-03-11 09:22:11,279 - INFO - Created/verified model directory: models/
2025-03-11 09:22:11,279 - INFO - Starting model preparation...
2025-03-11 09:22:11,280 - INFO - Loaded processed data from dataset/processed_requirements.pkl
2025-03-11 09:22:11,280 - INFO - DataFrame shape: (100, 4)
2025-03-11 09:22:11,280 - INFO - Number of requirements: 100
2025-03-11 09:22:11,284 - INFO - Number of sequences to process: 100
2025-03-11 09:22:11,284 - INFO - Using batch size for forward pass test: 16
2025-03-11 09:22:12,765 - INFO - Transformer model initialized with RoBERTa and T5.
2025-03-11 09:22:12,784 - ERROR - Forward pass failed: Expected key_padded_mask.shape[0] to be 26, but got 16
2025-03-11 09:22:12,784 - ERROR - Model preparation failed: Expected key_padded_mask.shape[0] to be 26, but got 16
2025-03-11 09:24:10,054 - INFO - Created/verified model directory: models/
2025-03-11 09:24:10,055 - INFO - Starting model preparation...
2025-03-11 09:24:10,055 - INFO - Loaded processed data from dataset/processed_requirements.pkl
2025-03-11 09:24:10,055 - INFO - DataFrame shape: (100, 4)
2025-03-11 09:24:10,055 - INFO - Number of requirements: 100
2025-03-11 09:24:10,059 - INFO - Number of sequences to process: 100
2025-03-11 09:24:10,059 - INFO - Using batch size for forward pass test: 16
2025-03-11 09:24:11,487 - INFO - Transformer model initialized with RoBERTa and T5.
2025-03-11 09:24:11,504 - ERROR - Forward pass failed: Expected key_padded_mask.shape[0] to be 26, but got 16
2025-03-11 09:24:11,504 - ERROR - Model preparation failed: Expected key_padded_mask.shape[0] to be 26, but got 16
2025-03-11 09:27:41,168 - INFO - Created/verified model directory: models/
2025-03-11 09:27:41,168 - INFO - Starting model preparation...
2025-03-11 09:27:41,169 - INFO - Loaded processed data from dataset/processed_requirements.pkl
2025-03-11 09:27:41,169 - INFO - DataFrame shape: (100, 4)
2025-03-11 09:27:41,173 - INFO - Number of sequences to process: 100
2025-03-11 09:27:42,646 - INFO - Transformer model initialized with RoBERTa and T5.
2025-03-11 09:27:42,792 - ERROR - Forward pass failed: Expected key_padded_mask.shape[0] to be 26, but got 100
2025-03-11 09:27:42,793 - ERROR - Model preparation failed: Expected key_padded_mask.shape[0] to be 26, but got 100
2025-03-11 09:28:14,041 - INFO - Created/verified model directory: models/
2025-03-11 09:28:14,041 - INFO - Starting model preparation...
2025-03-11 09:28:14,042 - INFO - Loaded processed data from dataset/processed_requirements.pkl
2025-03-11 09:28:14,042 - INFO - DataFrame shape: (100, 4)
2025-03-11 09:28:14,046 - INFO - Number of sequences to process: 100
2025-03-11 09:28:15,462 - INFO - Transformer model initialized with RoBERTa and T5.
2025-03-11 09:28:15,593 - ERROR - Forward pass failed: Expected key_padded_mask.shape[0] to be 26, but got 100
2025-03-11 09:28:15,593 - ERROR - Model preparation failed: Expected key_padded_mask.shape[0] to be 26, but got 100
2025-03-11 10:18:27,855 - INFO - Created/verified model directory: models/
2025-03-11 10:18:27,855 - INFO - Starting model preparation...
2025-03-11 10:18:27,856 - INFO - Loaded processed data from dataset/processed_requirements.pkl
2025-03-11 10:18:27,857 - INFO - DataFrame shape: (100, 4)
2025-03-11 10:18:27,863 - INFO - Number of sequences to process: 100
2025-03-11 10:18:29,358 - INFO - Transformer model initialized with RoBERTa and T5.
2025-03-11 10:18:29,459 - ERROR - Forward pass failed: Expected key_padded_mask.shape[0] to be 26, but got 100
2025-03-11 10:18:29,459 - ERROR - Model preparation failed: Expected key_padded_mask.shape[0] to be 26, but got 100
2025-03-11 10:22:00,379 - INFO - Created/verified model directory: models/
2025-03-11 10:22:00,380 - INFO - Starting model preparation...
2025-03-11 10:22:00,380 - INFO - Loaded processed data from dataset/processed_requirements.pkl
2025-03-11 10:22:00,380 - INFO - DataFrame shape: (100, 4)
2025-03-11 10:22:00,384 - INFO - Number of sequences to process: 100
2025-03-11 10:22:00,824 - ERROR - Model preparation failed: name 'PositionalEncoding' is not defined
2025-03-11 10:23:44,768 - INFO - Created/verified model directory: models/
2025-03-11 10:23:44,768 - INFO - Starting model preparation...
2025-03-11 10:23:44,769 - INFO - Loaded processed data from dataset/processed_requirements.pkl
2025-03-11 10:23:44,769 - INFO - DataFrame shape: (100, 4)
2025-03-11 10:23:44,775 - INFO - Number of sequences to process: 100
2025-03-11 10:23:46,642 - INFO - Transformer model initialized with RoBERTa and T5.
2025-03-11 10:23:47,522 - INFO - Forward pass successful. Output shape: torch.Size([16, 26, 768])
2025-03-11 10:23:47,525 - ERROR - Model preparation failed: 'PPO' object has no attribute 'observation_space'
